<?xml version="1.0" encoding="UTF-8"?>
<!-- Generated by org.testng.reporters.JUnitXMLReporter -->
<testsuite hostname="LAPTOP-IVSO33ML" name="Test" tests="1" failures="0" timestamp="10 Sep 2021 15:41:24 GMT" time="2.028" errors="0">
  <testcase name="@BeforeMethod init" time="0.0" classname="Webapp3.FacebookAutomation3.LoginTC.Testloginpage">
    <failure type="org.openqa.selenium.SessionNotCreatedException" message="session not created: This version of ChromeDriver only supports Chrome version 91
Current browser version is 93.0.4577.63 with binary path C:\Program Files\Google\Chrome\Application\chrome.exe
Build info: version: &amp;apos;3.10.0&amp;apos;, revision: &amp;apos;176b4a9&amp;apos;, time: &amp;apos;2018-03-02T19:03:16.397Z&amp;apos;
System info: host: &amp;apos;LAPTOP-IVSO33ML&amp;apos;, ip: &amp;apos;192.168.0.108&amp;apos;, os.name: &amp;apos;Windows 10&amp;apos;, os.arch: &amp;apos;amd64&amp;apos;, os.version: &amp;apos;10.0&amp;apos;, java.version: &amp;apos;1.8.0_281&amp;apos;
Driver info: driver.version: ChromeDriver
remote stacktrace: Backtrace:
	Ordinal0 [0x01123733+2504499]
	Ordinal0 [0x010BC401+2081793]
	Ordinal0 [0x00FC2628+1058344]
	Ordinal0 [0x00FE071A+1181466]
	Ordinal0 [0x00FDC58C+1164684]
	Ordinal0 [0x00FD9DC3+1154499]
	Ordinal0 [0x01009B82+1350530]
	Ordinal0 [0x010097DA+1349594]
	Ordinal0 [0x01005D4B+1334603]
	Ordinal0 [0x00FE22B4+1188532]
	Ordinal0 [0x00FE3149+1192265]
	GetHandleVerifier [0x0129FB8C+1512252]
	GetHandleVerifier [0x0134B0DF+2214031]
	GetHandleVerifier [0x011A4BC3+484211]
	GetHandleVerifier [0x011A3E69+480793]
	Ordinal0 [0x010C218D+2105741]
	Ordinal0 [0x010C66E8+2123496]
	Ordinal0 [0x010C6827+2123815]
	Ordinal0 [0x010CFB73+2161523]
	BaseThreadInitThunk [0x7562FA29+25]
	RtlGetAppContainerNamedObjectPath [0x777C7A7E+286]
	RtlGetAppContainerNamedObjectPath [0x777C7A4E+238]
">
      <![CDATA[org.openqa.selenium.SessionNotCreatedException: session not created: This version of ChromeDriver only supports Chrome version 91
Current browser version is 93.0.4577.63 with binary path C:\Program Files\Google\Chrome\Application\chrome.exe
Build info: version: '3.10.0', revision: '176b4a9', time: '2018-03-02T19:03:16.397Z'
System info: host: 'LAPTOP-IVSO33ML', ip: '192.168.0.108', os.name: 'Windows 10', os.arch: 'amd64', os.version: '10.0', java.version: '1.8.0_281'
Driver info: driver.version: ChromeDriver
remote stacktrace: Backtrace:
	Ordinal0 [0x01123733+2504499]
	Ordinal0 [0x010BC401+2081793]
	Ordinal0 [0x00FC2628+1058344]
	Ordinal0 [0x00FE071A+1181466]
	Ordinal0 [0x00FDC58C+1164684]
	Ordinal0 [0x00FD9DC3+1154499]
	Ordinal0 [0x01009B82+1350530]
	Ordinal0 [0x010097DA+1349594]
	Ordinal0 [0x01005D4B+1334603]
	Ordinal0 [0x00FE22B4+1188532]
	Ordinal0 [0x00FE3149+1192265]
	GetHandleVerifier [0x0129FB8C+1512252]
	GetHandleVerifier [0x0134B0DF+2214031]
	GetHandleVerifier [0x011A4BC3+484211]
	GetHandleVerifier [0x011A3E69+480793]
	Ordinal0 [0x010C218D+2105741]
	Ordinal0 [0x010C66E8+2123496]
	Ordinal0 [0x010C6827+2123815]
	Ordinal0 [0x010CFB73+2161523]
	BaseThreadInitThunk [0x7562FA29+25]
	RtlGetAppContainerNamedObjectPath [0x777C7A7E+286]
	RtlGetAppContainerNamedObjectPath [0x777C7A4E+238]

	at org.openqa.selenium.remote.W3CHandshakeResponse.lambda$new$0(W3CHandshakeResponse.java:57)
	at org.openqa.selenium.remote.W3CHandshakeResponse.lambda$getResponseFunction$2(W3CHandshakeResponse.java:104)
	at org.openqa.selenium.remote.ProtocolHandshake.lambda$createSession$0(ProtocolHandshake.java:123)
	at java.util.stream.ReferencePipeline$3$1.accept(Unknown Source)
	at java.util.Spliterators$ArraySpliterator.tryAdvance(Unknown Source)
	at java.util.stream.ReferencePipeline.forEachWithCancel(Unknown Source)
	at java.util.stream.AbstractPipeline.copyIntoWithCancel(Unknown Source)
	at java.util.stream.AbstractPipeline.copyInto(Unknown Source)
	at java.util.stream.AbstractPipeline.wrapAndCopyInto(Unknown Source)
	at java.util.stream.FindOps$FindOp.evaluateSequential(Unknown Source)
	at java.util.stream.AbstractPipeline.evaluate(Unknown Source)
	at java.util.stream.ReferencePipeline.findFirst(Unknown Source)
	at org.openqa.selenium.remote.ProtocolHandshake.createSession(ProtocolHandshake.java:126)
	at org.openqa.selenium.remote.ProtocolHandshake.createSession(ProtocolHandshake.java:73)
	at org.openqa.selenium.remote.HttpCommandExecutor.execute(HttpCommandExecutor.java:138)
	at org.openqa.selenium.remote.service.DriverCommandExecutor.execute(DriverCommandExecutor.java:83)
	at org.openqa.selenium.remote.RemoteWebDriver.execute(RemoteWebDriver.java:601)
	at org.openqa.selenium.remote.RemoteWebDriver.startSession(RemoteWebDriver.java:219)
	at org.openqa.selenium.remote.RemoteWebDriver.<init>(RemoteWebDriver.java:142)
	at org.openqa.selenium.chrome.ChromeDriver.<init>(ChromeDriver.java:181)
	at org.openqa.selenium.chrome.ChromeDriver.<init>(ChromeDriver.java:168)
	at org.openqa.selenium.chrome.ChromeDriver.<init>(ChromeDriver.java:123)
	at Webapp3.FacebookAutomation3.Baseclass.webBase3.init(webBase3.java:49)
... Removed 30 stack frames]]>
    </failure>
  </testcase> <!-- @BeforeMethod init -->
  <testcase name="testfacebookinvalidlogin" time="0.001" classname="Webapp3.FacebookAutomation3.LoginTC.Testloginpage">
    <skipped/>
  </testcase> <!-- testfacebookinvalidlogin -->
</testsuite> <!-- Test -->
